# JRE version: Java(TM) SE Runtime Environment (8.0_45-b15) (build 1.8.0_45-b15)
# Java VM: Java HotSpot(TM) 64-Bit Server VM (25.45-b02 mixed mode windows-amd64 compressed oops)
Heap:
 PSYoungGen      total 86528K, used 17855K [0x00000000d5d00000, 0x00000000ddc00000, 0x0000000100000000)
  eden space 75264K, 23% used [0x00000000d5d00000,0x00000000d6e6ff60,0x00000000da680000)
  from space 11264K, 0% used [0x00000000da680000,0x00000000da680000,0x00000000db180000)
  to   space 13312K, 0% used [0x00000000dcf00000,0x00000000dcf00000,0x00000000ddc00000)
 ParOldGen       total 101888K, used 19775K [0x0000000081600000, 0x0000000087980000, 0x00000000d5d00000)
  object space 101888K, 19% used [0x0000000081600000,0x000000008294fe38,0x0000000087980000)
 Metaspace       used 37007K, capacity 37634K, committed 37976K, reserved 1081344K
  class space    used 5128K, capacity 5356K, committed 5464K, reserved 1048576K
GC Heap History (10 events):
Event: 11.265 GC heap before
{Heap before GC invocations=7 (full 1):
 PSYoungGen      total 38400K, used 36881K [0x00000000d5d00000, 0x00000000da280000, 0x0000000100000000)
  eden space 33280K, 100% used [0x00000000d5d00000,0x00000000d7d80000,0x00000000d7d80000)
  from space 5120K, 70% used [0x00000000d7d80000,0x00000000d8104528,0x00000000d8280000)
  to   space 11264K, 0% used [0x00000000d9780000,0x00000000d9780000,0x00000000da280000)
 ParOldGen       total 68608K, used 11688K [0x0000000081600000, 0x0000000085900000, 0x00000000d5d00000)
  object space 68608K, 17% used [0x0000000081600000,0x000000008216a150,0x0000000085900000)
 Metaspace       used 25855K, capacity 26244K, committed 26624K, reserved 1073152K
  class space    used 3615K, capacity 3752K, committed 3840K, reserved 1048576K
Event: 11.270 GC heap after
Heap after GC invocations=7 (full 1):
 PSYoungGen      total 59904K, used 4069K [0x00000000d5d00000, 0x00000000da280000, 0x0000000100000000)
  eden space 48640K, 0% used [0x00000000d5d00000,0x00000000d5d00000,0x00000000d8c80000)
  from space 11264K, 36% used [0x00000000d9780000,0x00000000d9b795a8,0x00000000da280000)
  to   space 11264K, 0% used [0x00000000d8c80000,0x00000000d8c80000,0x00000000d9780000)
 ParOldGen       total 68608K, used 11696K [0x0000000081600000, 0x0000000085900000, 0x00000000d5d00000)
  object space 68608K, 17% used [0x0000000081600000,0x000000008216c150,0x0000000085900000)
 Metaspace       used 25855K, capacity 26244K, committed 26624K, reserved 1073152K
  class space    used 3615K, capacity 3752K, committed 3840K, reserved 1048576K
}
Event: 15.745 GC heap before
{Heap before GC invocations=8 (full 1):
 PSYoungGen      total 59904K, used 52709K [0x00000000d5d00000, 0x00000000da280000, 0x0000000100000000)
  eden space 48640K, 100% used [0x00000000d5d00000,0x00000000d8c80000,0x00000000d8c80000)
  from space 11264K, 36% used [0x00000000d9780000,0x00000000d9b795a8,0x00000000da280000)
  to   space 11264K, 0% used [0x00000000d8c80000,0x00000000d8c80000,0x00000000d9780000)
 ParOldGen       total 68608K, used 11696K [0x0000000081600000, 0x0000000085900000, 0x00000000d5d00000)
  object space 68608K, 17% used [0x0000000081600000,0x000000008216c150,0x0000000085900000)
 Metaspace       used 30052K, capacity 30584K, committed 30976K, reserved 1075200K
  class space    used 4116K, capacity 4309K, committed 4352K, reserved 1048576K
Event: 15.838 GC heap after
Heap after GC invocations=8 (full 1):
 PSYoungGen      total 59904K, used 7056K [0x00000000d5d00000, 0x00000000dbc00000, 0x0000000100000000)
  eden space 48640K, 0% used [0x00000000d5d00000,0x00000000d5d00000,0x00000000d8c80000)
  from space 11264K, 62% used [0x00000000d8c80000,0x00000000d9364368,0x00000000d9780000)
  to   space 10752K, 0% used [0x00000000db180000,0x00000000db180000,0x00000000dbc00000)
 ParOldGen       total 68608K, used 11768K [0x0000000081600000, 0x0000000085900000, 0x00000000d5d00000)
  object space 68608K, 17% used [0x0000000081600000,0x000000008217e160,0x0000000085900000)
 Metaspace       used 30052K, capacity 30584K, committed 30976K, reserved 1075200K
  class space    used 4116K, capacity 4309K, committed 4352K, reserved 1048576K
}
Event: 16.959 GC heap before
{Heap before GC invocations=9 (full 1):
 PSYoungGen      total 59904K, used 55696K [0x00000000d5d00000, 0x00000000dbc00000, 0x0000000100000000)
  eden space 48640K, 100% used [0x00000000d5d00000,0x00000000d8c80000,0x00000000d8c80000)
  from space 11264K, 62% used [0x00000000d8c80000,0x00000000d9364368,0x00000000d9780000)
  to   space 10752K, 0% used [0x00000000db180000,0x00000000db180000,0x00000000dbc00000)
 ParOldGen       total 68608K, used 11768K [0x0000000081600000, 0x0000000085900000, 0x00000000d5d00000)
  object space 68608K, 17% used [0x0000000081600000,0x000000008217e160,0x0000000085900000)
 Metaspace       used 32493K, capacity 32948K, committed 33280K, reserved 1077248K
  class space    used 4448K, capacity 4603K, committed 4608K, reserved 1048576K
Event: 16.969 GC heap after
Heap after GC invocations=9 (full 1):
 PSYoungGen      total 86016K, used 7756K [0x00000000d5d00000, 0x00000000dbc80000, 0x0000000100000000)
  eden space 75264K, 0% used [0x00000000d5d00000,0x00000000d5d00000,0x00000000da680000)
  from space 10752K, 72% used [0x00000000db180000,0x00000000db913338,0x00000000dbc00000)
  to   space 11264K, 0% used [0x00000000da680000,0x00000000da680000,0x00000000db180000)
 ParOldGen       total 68608K, used 11776K [0x0000000081600000, 0x0000000085900000, 0x00000000d5d00000)
  object space 68608K, 17% used [0x0000000081600000,0x0000000082180160,0x0000000085900000)
 Metaspace       used 32493K, capacity 32948K, committed 33280K, reserved 1077248K
  class space    used 4448K, capacity 4603K, committed 4608K, reserved 1048576K
}
Event: 18.086 GC heap before
{Heap before GC invocations=10 (full 1):
 PSYoungGen      total 86016K, used 53477K [0x00000000d5d00000, 0x00000000dbc80000, 0x0000000100000000)
  eden space 75264K, 60% used [0x00000000d5d00000,0x00000000d89a6100,0x00000000da680000)
  from space 10752K, 72% used [0x00000000db180000,0x00000000db913338,0x00000000dbc00000)
  to   space 11264K, 0% used [0x00000000da680000,0x00000000da680000,0x00000000db180000)
 ParOldGen       total 68608K, used 11776K [0x0000000081600000, 0x0000000085900000, 0x00000000d5d00000)
  object space 68608K, 17% used [0x0000000081600000,0x0000000082180160,0x0000000085900000)
 Metaspace       used 34608K, capacity 35200K, committed 35416K, reserved 1079296K
  class space    used 4732K, capacity 4923K, committed 4952K, reserved 1048576K
Event: 18.110 GC heap after
Heap after GC invocations=10 (full 1):
 PSYoungGen      total 86528K, used 11235K [0x00000000d5d00000, 0x00000000ddc00000, 0x0000000100000000)
  eden space 75264K, 0% used [0x00000000d5d00000,0x00000000d5d00000,0x00000000da680000)
  from space 11264K, 99% used [0x00000000da680000,0x00000000db178e08,0x00000000db180000)
  to   space 13312K, 0% used [0x00000000dcf00000,0x00000000dcf00000,0x00000000ddc00000)
 ParOldGen       total 68608K, used 13147K [0x0000000081600000, 0x0000000085900000, 0x00000000d5d00000)
  object space 68608K, 19% used [0x0000000081600000,0x00000000822d6c28,0x0000000085900000)
 Metaspace       used 34608K, capacity 35200K, committed 35416K, reserved 1079296K
  class space    used 4732K, capacity 4923K, committed 4952K, reserved 1048576K
}
Event: 18.110 GC heap before
{Heap before GC invocations=11 (full 2):
 PSYoungGen      total 86528K, used 11235K [0x00000000d5d00000, 0x00000000ddc00000, 0x0000000100000000)
  eden space 75264K, 0% used [0x00000000d5d00000,0x00000000d5d00000,0x00000000da680000)
  from space 11264K, 99% used [0x00000000da680000,0x00000000db178e08,0x00000000db180000)
  to   space 13312K, 0% used [0x00000000dcf00000,0x00000000dcf00000,0x00000000ddc00000)
 ParOldGen       total 68608K, used 13147K [0x0000000081600000, 0x0000000085900000, 0x00000000d5d00000)
  object space 68608K, 19% used [0x0000000081600000,0x00000000822d6c28,0x0000000085900000)
 Metaspace       used 34608K, capacity 35200K, committed 35416K, reserved 1079296K
  class space    used 4732K, capacity 4923K, committed 4952K, reserved 1048576K
Event: 18.263 GC heap after
Heap after GC invocations=11 (full 2):
 PSYoungGen      total 86528K, used 0K [0x00000000d5d00000, 0x00000000ddc00000, 0x0000000100000000)
  eden space 75264K, 0% used [0x00000000d5d00000,0x00000000d5d00000,0x00000000da680000)
  from space 11264K, 0% used [0x00000000da680000,0x00000000da680000,0x00000000db180000)
  to   space 13312K, 0% used [0x00000000dcf00000,0x00000000dcf00000,0x00000000ddc00000)
 ParOldGen       total 101888K, used 19775K [0x0000000081600000, 0x0000000087980000, 0x00000000d5d00000)
  object space 101888K, 19% used [0x0000000081600000,0x000000008294fe38,0x0000000087980000)
 Metaspace       used 34608K, capacity 35200K, committed 35416K, reserved 1079296K
  class space    used 4732K, capacity 4923K, committed 4952K, reserved 1048576K
}

