# JRE version: Java(TM) SE Runtime Environment (8.0_45-b15) (build 1.8.0_45-b15)
# Java VM: Java HotSpot(TM) 64-Bit Server VM (25.45-b02 mixed mode windows-amd64 compressed oops)
Heap:
 PSYoungGen      total 85504K, used 59102K [0x00000000d5d00000, 0x00000000dbd00000, 0x0000000100000000)
  eden space 72704K, 70% used [0x00000000d5d00000,0x00000000d8eefc00,0x00000000da400000)
  from space 12800K, 62% used [0x00000000da400000,0x00000000dabc7f78,0x00000000db080000)
  to   space 7680K, 0% used [0x00000000db580000,0x00000000db580000,0x00000000dbd00000)
 ParOldGen       total 70656K, used 20271K [0x0000000081600000, 0x0000000085b00000, 0x00000000d5d00000)
  object space 70656K, 28% used [0x0000000081600000,0x00000000829cbff8,0x0000000085b00000)
 Metaspace       used 45843K, capacity 46956K, committed 47192K, reserved 1089536K
  class space    used 6338K, capacity 6645K, committed 6744K, reserved 1048576K
GC Heap History (10 events):
Event: 12.827 GC heap before
{Heap before GC invocations=9 (full 1):
 PSYoungGen      total 56832K, used 51971K [0x00000000d5d00000, 0x00000000dae00000, 0x0000000100000000)
  eden space 45568K, 100% used [0x00000000d5d00000,0x00000000d8980000,0x00000000d8980000)
  from space 11264K, 56% used [0x00000000d8980000,0x00000000d8fc0ed0,0x00000000d9480000)
  to   space 10752K, 0% used [0x00000000da380000,0x00000000da380000,0x00000000dae00000)
 ParOldGen       total 70656K, used 10811K [0x0000000081600000, 0x0000000085b00000, 0x00000000d5d00000)
  object space 70656K, 15% used [0x0000000081600000,0x000000008208ef48,0x0000000085b00000)
 Metaspace       used 31670K, capacity 32130K, committed 32512K, reserved 1077248K
  class space    used 4342K, capacity 4504K, committed 4608K, reserved 1048576K
Event: 12.848 GC heap after
Heap after GC invocations=9 (full 1):
 PSYoungGen      total 72192K, used 7488K [0x00000000d5d00000, 0x00000000daf80000, 0x0000000100000000)
  eden space 61440K, 0% used [0x00000000d5d00000,0x00000000d5d00000,0x00000000d9900000)
  from space 10752K, 69% used [0x00000000da380000,0x00000000daad02a8,0x00000000dae00000)
  to   space 10752K, 0% used [0x00000000d9900000,0x00000000d9900000,0x00000000da380000)
 ParOldGen       total 70656K, used 10819K [0x0000000081600000, 0x0000000085b00000, 0x00000000d5d00000)
  object space 70656K, 15% used [0x0000000081600000,0x0000000082090f48,0x0000000085b00000)
 Metaspace       used 31670K, capacity 32130K, committed 32512K, reserved 1077248K
  class space    used 4342K, capacity 4504K, committed 4608K, reserved 1048576K
}
Event: 14.342 GC heap before
{Heap before GC invocations=10 (full 1):
 PSYoungGen      total 72192K, used 61039K [0x00000000d5d00000, 0x00000000daf80000, 0x0000000100000000)
  eden space 61440K, 87% used [0x00000000d5d00000,0x00000000d914b988,0x00000000d9900000)
  from space 10752K, 69% used [0x00000000da380000,0x00000000daad02a8,0x00000000dae00000)
  to   space 10752K, 0% used [0x00000000d9900000,0x00000000d9900000,0x00000000da380000)
 ParOldGen       total 70656K, used 10819K [0x0000000081600000, 0x0000000085b00000, 0x00000000d5d00000)
  object space 70656K, 15% used [0x0000000081600000,0x0000000082090f48,0x0000000085b00000)
 Metaspace       used 34616K, capacity 35200K, committed 35416K, reserved 1079296K
  class space    used 4731K, capacity 4923K, committed 4952K, reserved 1048576K
Event: 14.378 GC heap after
Heap after GC invocations=10 (full 1):
 PSYoungGen      total 72192K, used 10738K [0x00000000d5d00000, 0x00000000dc200000, 0x0000000100000000)
  eden space 61440K, 0% used [0x00000000d5d00000,0x00000000d5d00000,0x00000000d9900000)
  from space 10752K, 99% used [0x00000000d9900000,0x00000000da37ca98,0x00000000da380000)
  to   space 12800K, 0% used [0x00000000db580000,0x00000000db580000,0x00000000dc200000)
 ParOldGen       total 70656K, used 13112K [0x0000000081600000, 0x0000000085b00000, 0x00000000d5d00000)
  object space 70656K, 18% used [0x0000000081600000,0x00000000822ce2a8,0x0000000085b00000)
 Metaspace       used 34616K, capacity 35200K, committed 35416K, reserved 1079296K
  class space    used 4731K, capacity 4923K, committed 4952K, reserved 1048576K
}
Event: 14.378 GC heap before
{Heap before GC invocations=11 (full 2):
 PSYoungGen      total 72192K, used 10738K [0x00000000d5d00000, 0x00000000dc200000, 0x0000000100000000)
  eden space 61440K, 0% used [0x00000000d5d00000,0x00000000d5d00000,0x00000000d9900000)
  from space 10752K, 99% used [0x00000000d9900000,0x00000000da37ca98,0x00000000da380000)
  to   space 12800K, 0% used [0x00000000db580000,0x00000000db580000,0x00000000dc200000)
 ParOldGen       total 70656K, used 13112K [0x0000000081600000, 0x0000000085b00000, 0x00000000d5d00000)
  object space 70656K, 18% used [0x0000000081600000,0x00000000822ce2a8,0x0000000085b00000)
 Metaspace       used 34616K, capacity 35200K, committed 35416K, reserved 1079296K
  class space    used 4731K, capacity 4923K, committed 4952K, reserved 1048576K
Event: 14.649 GC heap after
Heap after GC invocations=11 (full 2):
 PSYoungGen      total 72192K, used 0K [0x00000000d5d00000, 0x00000000dc200000, 0x0000000100000000)
  eden space 61440K, 0% used [0x00000000d5d00000,0x00000000d5d00000,0x00000000d9900000)
  from space 10752K, 0% used [0x00000000d9900000,0x00000000d9900000,0x00000000da380000)
  to   space 12800K, 0% used [0x00000000db580000,0x00000000db580000,0x00000000dc200000)
 ParOldGen       total 70656K, used 20183K [0x0000000081600000, 0x0000000085b00000, 0x00000000d5d00000)
  object space 70656K, 28% used [0x0000000081600000,0x00000000829b5fd0,0x0000000085b00000)
 Metaspace       used 34616K, capacity 35200K, committed 35416K, reserved 1079296K
  class space    used 4731K, capacity 4923K, committed 4952K, reserved 1048576K
}
Event: 16.394 GC heap before
{Heap before GC invocations=12 (full 2):
 PSYoungGen      total 72192K, used 61440K [0x00000000d5d00000, 0x00000000dc200000, 0x0000000100000000)
  eden space 61440K, 100% used [0x00000000d5d00000,0x00000000d9900000,0x00000000d9900000)
  from space 10752K, 0% used [0x00000000d9900000,0x00000000d9900000,0x00000000da380000)
  to   space 12800K, 0% used [0x00000000db580000,0x00000000db580000,0x00000000dc200000)
 ParOldGen       total 70656K, used 20183K [0x0000000081600000, 0x0000000085b00000, 0x00000000d5d00000)
  object space 70656K, 28% used [0x0000000081600000,0x00000000829b5fd0,0x0000000085b00000)
 Metaspace       used 40470K, capacity 41192K, committed 41432K, reserved 1085440K
  class space    used 5511K, capacity 5759K, committed 5848K, reserved 1048576K
Event: 16.403 GC heap after
Heap after GC invocations=12 (full 2):
 PSYoungGen      total 80384K, used 4619K [0x00000000d5d00000, 0x00000000dbd00000, 0x0000000100000000)
  eden space 72704K, 0% used [0x00000000d5d00000,0x00000000d5d00000,0x00000000da400000)
  from space 7680K, 60% used [0x00000000db580000,0x00000000dba02f20,0x00000000dbd00000)
  to   space 12800K, 0% used [0x00000000da400000,0x00000000da400000,0x00000000db080000)
 ParOldGen       total 70656K, used 20255K [0x0000000081600000, 0x0000000085b00000, 0x00000000d5d00000)
  object space 70656K, 28% used [0x0000000081600000,0x00000000829c7fe0,0x0000000085b00000)
 Metaspace       used 40470K, capacity 41192K, committed 41432K, reserved 1085440K
  class space    used 5511K, capacity 5759K, committed 5848K, reserved 1048576K
}
Event: 18.365 GC heap before
{Heap before GC invocations=13 (full 2):
 PSYoungGen      total 80384K, used 77323K [0x00000000d5d00000, 0x00000000dbd00000, 0x0000000100000000)
  eden space 72704K, 100% used [0x00000000d5d00000,0x00000000da400000,0x00000000da400000)
  from space 7680K, 60% used [0x00000000db580000,0x00000000dba02f20,0x00000000dbd00000)
  to   space 12800K, 0% used [0x00000000da400000,0x00000000da400000,0x00000000db080000)
 ParOldGen       total 70656K, used 20255K [0x0000000081600000, 0x0000000085b00000, 0x00000000d5d00000)
  object space 70656K, 28% used [0x0000000081600000,0x00000000829c7fe0,0x0000000085b00000)
 Metaspace       used 43632K, capacity 44454K, committed 44632K, reserved 1087488K
  class space    used 5965K, capacity 6214K, committed 6232K, reserved 1048576K
Event: 18.382 GC heap after
Heap after GC invocations=13 (full 2):
 PSYoungGen      total 85504K, used 7967K [0x00000000d5d00000, 0x00000000dbd00000, 0x0000000100000000)
  eden space 72704K, 0% used [0x00000000d5d00000,0x00000000d5d00000,0x00000000da400000)
  from space 12800K, 62% used [0x00000000da400000,0x00000000dabc7f78,0x00000000db080000)
  to   space 7680K, 0% used [0x00000000db580000,0x00000000db580000,0x00000000dbd00000)
 ParOldGen       total 70656K, used 20271K [0x0000000081600000, 0x0000000085b00000, 0x00000000d5d00000)
  object space 70656K, 28% used [0x0000000081600000,0x00000000829cbff8,0x0000000085b00000)
 Metaspace       used 43632K, capacity 44454K, committed 44632K, reserved 1087488K
  class space    used 5965K, capacity 6214K, committed 6232K, reserved 1048576K
}

